2020-11-28T03:17:43.555Z - info: [ui] [AppStore] loading 0 repositories from store
2020-11-28T03:17:43.567Z - info: [ui] [Welcome] no sign in step found. ignoring...
2020-11-28T03:17:43.570Z - info: [ui] [Welcome] no sign in step found. ignoring...
2020-11-28T03:17:43.698Z - info: [ui] [Welcome] no sign in step found. ignoring...
2020-11-28T03:17:43.714Z - info: [ui] launching: 2.5.7-linux1 (Linux 5.9.11-2-MANJARO)
2020-11-28T03:17:43.715Z - info: [ui] execPath: '/opt/github-desktop/github-desktop'
2020-11-28T03:17:43.778Z - info: [ui] [Welcome] no sign in step found. ignoring...
2020-11-28T03:17:44.461Z - info: [ui] Opt in reported.
2020-11-28T03:17:45.974Z - info: [ui] [Welcome] no sign in step found. ignoring...
2020-11-28T03:17:46.175Z - info: [ui] [Welcome] no sign in step found. ignoring...
2020-11-28T03:17:46.193Z - info: [ui] [Welcome] no sign in step found. ignoring...
2020-11-28T03:17:49.221Z - info: [ui] [Welcome] advancing to step: SignInToDotComWithBrowser
2020-11-28T03:17:49.223Z - info: [ui] [SignInStore] initializing OAuth flow
2020-11-28T03:17:49.227Z - info: [main] opening in browser: https://github.com/login/oauth/authorize?client_id=3a723b10ac5575cc5bb9&scope=repo%20user%20workflow&state=67d5251c-1e11-40f5-8b34-2585fb08877e
2020-11-28T03:17:49.228Z - info: [ui] [Welcome] current sign in state not found. ignoring...
2020-11-28T03:17:49.252Z - info: [ui] [Welcome] kind Authentication is the same as Authentication. ignoring...
2020-11-28T03:17:49.666Z - info: [ui] [Welcome] kind Authentication is the same as Authentication. ignoring...
2020-11-28T03:17:49.699Z - info: [ui] [Welcome] kind Authentication is the same as Authentication. ignoring...
2020-11-28T03:18:09.463Z - info: [main] Received possible protocol arguments: 2
2020-11-28T03:18:09.463Z - info: [main] Processing protocol url
2020-11-28T03:18:09.476Z - info: [ui] [Dispatcher] requesting authenticated user
2020-11-28T03:18:09.481Z - info: [ui] [Welcome] kind Authentication is the same as Authentication. ignoring...
2020-11-28T03:18:09.503Z - info: [ui] [Welcome] kind Authentication is the same as Authentication. ignoring...
2020-11-28T03:18:10.447Z - info: [ui] [SignInStore] account resolved
2020-11-28T03:18:10.447Z - info: [ui] [AppStore] adding account sujay1844 (Sujay R) to store
2020-11-28T03:18:10.455Z - info: [ui] [Welcome] advancing to step: ConfigureGit
2020-11-28T03:18:10.505Z - info: [ui] [Welcome] no sign in step found. ignoring...
2020-11-28T03:18:10.853Z - info: [ui] [Welcome] no sign in step found. ignoring...
2020-11-28T03:18:17.352Z - info: [ui] [Welcome] advancing to step: UsageOptOut
2020-11-28T03:18:22.616Z - info: [ui] Opt in reported.
2020-11-28T03:18:50.251Z - info: [ui] [AppStore.getAccountForRemoteURL] account found for remote: https://github.com/sujay1844/english-class-bot.git - sujay1844 (has token)
2020-11-28T03:18:52.733Z - info: [ui] Executing clone: git -c credential.helper= -c protocol.version=2 clone --recursive --progress -- https://github.com/sujay1844/english-class-bot.git /home/sujay1844/Documents/GitHub/english-class-bot (took 2.339s)
2020-11-28T03:18:52.759Z - info: [ui] [AppStore] adding repository at /home/sujay1844/Documents/GitHub/english-class-bot to store
2020-11-28T03:18:53.303Z - info: [ui] [BranchPruner] No branches to prune.
2020-11-28T03:20:20.688Z - info: [ui] [AppStore.withAuthenticatingUser] account found for repository: english-class-bot - sujay1844 (has token)
2020-11-28T03:20:22.076Z - info: [ui] Executing fetch: git -c credential.helper= -c protocol.version=2 fetch --progress --prune origin (took 1.370s)
2020-11-28T03:20:22.084Z - info: [ui] [RepositoryIndicatorUpdater]: Refreshing sidebar indicators for 1 repositories took 1.9s of which 0.0s paused, total 1.9s
2020-11-28T03:22:14.350Z - info: [ui] Executing updateIndex: git update-index --add --remove --replace -z --stdin (took 23.546s)
2020-11-28T03:22:14.719Z - info: [ui] [Timing] Action 'create commit' for 'sujay1844/english-class-bot' took 23.942s
2020-11-28T03:22:53.465Z - info: [ui] Executing updateIndex: git update-index --add --remove --replace -z --stdin (took 9.606s)
2020-11-28T03:22:53.751Z - info: [ui] [Timing] Action 'create commit' for 'sujay1844/english-class-bot' took 9.911s
2020-11-28T03:24:18.334Z - info: [ui] Executing updateIndex: git update-index --add --remove --replace -z --stdin (took 15.477s)
2020-11-28T03:24:35.585Z - info: [ui] Executing createCommit: git commit -F - (took 17.251s)
2020-11-28T03:24:35.861Z - info: [ui] [Timing] Action 'create commit' for 'sujay1844/english-class-bot' took 33.016s
2020-11-28T03:24:46.492Z - info: [ui] [AppStore.withAuthenticatingUser] account found for repository: english-class-bot - sujay1844 (has token)
2020-11-28T03:24:51.211Z - info: [ui] Executing push: git -c credential.helper= -c protocol.version=2 push origin main:main --progress (took 4.691s)
2020-11-28T03:24:52.622Z - info: [ui] Executing fetch: git -c credential.helper= -c protocol.version=2 fetch --progress --prune origin (took 1.381s)
2020-11-28T03:25:01.546Z - info: [main] opening in browser: https://github.com/sujay1844/english-class-bot/commit/6c737904d105c4287885df20ca27576c01ff9638
