2021-01-08T06:41:41.942Z - info: [ui] ensureNoUndefinedParentID: 0
2021-01-08T06:41:41.950Z - info: [ui] [AppStore] loading 2 repositories from store
2021-01-08T06:41:41.951Z - info: [ui] [AppStore] found account: sujay1844 (Sujay R)
2021-01-08T06:41:42.659Z - info: [ui] launching: 2.6.1-linux1 (Linux 5.10.2-2-MANJARO)
2021-01-08T06:41:42.659Z - info: [ui] execPath: '/opt/github-desktop/github-desktop'
2021-01-08T06:41:42.699Z - info: [ui] [BranchPruner] No branches to prune.
2021-01-08T06:42:04.430Z - info: [ui] Executing fetch: git -c credential.helper= -c protocol.version=2 fetch --progress --prune origin (took 2.754s)
2021-01-08T06:44:11.735Z - info: [ui] [RepositoryIndicatorUpdater]: Refreshing sidebar indicators for 1 repositories took 0.5s of which 0.0s paused, total 0.5s
2021-01-08T06:44:18.079Z - info: [ui] [BranchPruner] Last prune took place in a day - skipping
2021-01-08T06:44:23.829Z - info: [ui] [AppStore.withAuthenticatingUser] account found for repository: Python-projects - sujay1844 (has token)
2021-01-08T06:44:25.289Z - info: [ui] Executing pull: git -c credential.helper= -c protocol.version=2 -c rebase.backend=merge pull --progress origin (took 1.410s)
2021-01-08T06:55:38.173Z - info: [ui] [AppStore] loading 2 repositories from store
2021-01-08T06:55:38.173Z - info: [ui] [AppStore] found account: sujay1844 (Sujay R)
2021-01-08T06:55:39.047Z - info: [ui] [BranchPruner] Last prune took place in a day - skipping
2021-01-08T06:55:39.075Z - info: [ui] launching: 2.6.1-linux1 (Linux 5.10.2-2-MANJARO)
2021-01-08T06:55:39.075Z - info: [ui] execPath: '/opt/github-desktop/github-desktop'
2021-01-08T06:55:49.035Z - info: [ui] Executing updateIndex: git update-index --add --remove --replace -z --stdin (took 7.069s)
2021-01-08T06:55:54.525Z - info: [ui] Executing createCommit: git commit -F - (took 5.490s)
2021-01-08T06:55:54.767Z - info: [ui] [Timing] Action 'create commit' for 'sujay1844/Python-projects' took 12.812s
2021-01-08T06:56:01.992Z - info: [ui] [AppStore.withAuthenticatingUser] account found for repository: Python-projects - sujay1844 (has token)
2021-01-08T06:56:06.753Z - info: [ui] Executing push: git -c credential.helper= -c protocol.version=2 push origin main:main --progress (took 4.733s)
2021-01-08T06:56:08.141Z - info: [ui] Executing fetch: git -c credential.helper= -c protocol.version=2 fetch --progress --prune origin (took 1.369s)
2021-01-08T06:58:48.691Z - info: [ui] [AppStore] loading 2 repositories from store
2021-01-08T06:58:48.692Z - info: [ui] [AppStore] found account: sujay1844 (Sujay R)
2021-01-08T06:58:49.515Z - info: [ui] [BranchPruner] Last prune took place in a day - skipping
2021-01-08T06:58:49.548Z - info: [ui] launching: 2.6.1-linux1 (Linux 5.10.2-2-MANJARO)
2021-01-08T06:58:49.548Z - info: [ui] execPath: '/opt/github-desktop/github-desktop'
2021-01-08T06:58:56.956Z - info: [ui] Executing updateIndex: git update-index --add --remove --replace -z --stdin (took 4.634s)
2021-01-08T06:59:01.353Z - info: [ui] Executing createCommit: git commit -F - (took 4.397s)
2021-01-08T06:59:01.612Z - info: [ui] [Timing] Action 'create commit' for 'sujay1844/Python-projects' took 9.310s
2021-01-08T06:59:02.862Z - info: [ui] [AppStore.withAuthenticatingUser] account found for repository: Python-projects - sujay1844 (has token)
2021-01-08T06:59:07.837Z - info: [ui] Executing push: git -c credential.helper= -c protocol.version=2 push origin main:main --progress (took 4.950s)
2021-01-08T06:59:09.274Z - info: [ui] Executing fetch: git -c credential.helper= -c protocol.version=2 fetch --progress --prune origin (took 1.421s)
2021-01-08T07:07:19.684Z - info: [ui] [AppStore] loading 2 repositories from store
2021-01-08T07:07:19.684Z - info: [ui] [AppStore] found account: sujay1844 (Sujay R)
2021-01-08T07:07:20.443Z - info: [ui] [BranchPruner] Last prune took place in a day - skipping
2021-01-08T07:07:20.484Z - info: [ui] launching: 2.6.1-linux1 (Linux 5.10.2-2-MANJARO)
2021-01-08T07:07:20.484Z - info: [ui] execPath: '/opt/github-desktop/github-desktop'
2021-01-08T07:07:37.704Z - info: [ui] [AppStore] loading 2 repositories from store
2021-01-08T07:07:37.705Z - info: [ui] [AppStore] found account: sujay1844 (Sujay R)
2021-01-08T07:07:38.402Z - info: [ui] [BranchPruner] Last prune took place in a day - skipping
2021-01-08T07:07:38.431Z - info: [ui] launching: 2.6.1-linux1 (Linux 5.10.2-2-MANJARO)
2021-01-08T07:07:38.431Z - info: [ui] execPath: '/opt/github-desktop/github-desktop'
